  main.cpp
c:\users\jcompany\documents\github\cube-maps\src\camara.h(101): warning C4244: '=': conversion from 'double' to 'GLfloat', possible loss of data
c:\users\jcompany\documents\github\cube-maps\src\camara.h(102): warning C4244: '=': conversion from 'double' to 'GLfloat', possible loss of data
c:\users\jcompany\documents\github\cube-maps\src\camara.h(105): warning C4244: 'initializing': conversion from 'double' to 'GLfloat', possible loss of data
c:\users\jcompany\documents\github\cube-maps\src\camara.h(106): warning C4244: 'initializing': conversion from 'double' to 'GLfloat', possible loss of data
c:\users\jcompany\documents\github\cube-maps\src\camara.h(107): warning C4244: '=': conversion from 'double' to 'GLfloat', possible loss of data
c:\users\jcompany\documents\github\cube-maps\src\camara.h(108): warning C4244: '=': conversion from 'double' to 'GLfloat', possible loss of data
c:\users\jcompany\documents\github\cube-maps\src\camara.h(139): warning C4244: '-=': conversion from 'double' to 'GLfloat', possible loss of data
c:\users\jcompany\documents\github\cube-maps\src\main.cpp(30): warning C4305: 'argument': truncation from 'double' to 'GLfloat'
c:\users\jcompany\documents\github\cube-maps\src\main.cpp(423): warning C4244: '=': conversion from 'double' to 'float', possible loss of data
c:\users\jcompany\documents\github\cube-maps\src\main.cpp(458): warning C4244: 'argument': conversion from 'double' to 'GLfloat', possible loss of data
c:\users\jcompany\documents\github\cube-maps\src\main.cpp(466): warning C4305: '+=': truncation from 'double' to 'float'
c:\users\jcompany\documents\github\cube-maps\src\main.cpp(468): warning C4305: '-=': truncation from 'double' to 'float'
c:\users\jcompany\documents\github\cube-maps\src\main.cpp(471): warning C4305: '-=': truncation from 'double' to 'float'
c:\users\jcompany\documents\github\cube-maps\src\main.cpp(473): warning C4305: '+=': truncation from 'double' to 'float'
c:\users\jcompany\documents\github\cube-maps\src\main.cpp(644): warning C4305: 'argument': truncation from 'double' to 'GLfloat'
c:\users\jcompany\documents\github\cube-maps\src\main.cpp(645): warning C4305: 'argument': truncation from 'double' to 'GLfloat'
c:\users\jcompany\documents\github\cube-maps\src\main.cpp(652): warning C4305: 'argument': truncation from 'double' to 'GLfloat'
c:\users\jcompany\documents\github\cube-maps\src\main.cpp(653): warning C4305: 'argument': truncation from 'double' to 'GLfloat'
c:\users\jcompany\documents\github\cube-maps\src\main.cpp(662): warning C4305: 'argument': truncation from 'double' to 'GLfloat'
c:\users\jcompany\documents\github\cube-maps\src\main.cpp(663): warning C4305: 'argument': truncation from 'double' to 'GLfloat'
c:\users\jcompany\documents\github\cube-maps\src\main.cpp(674): warning C4305: 'argument': truncation from 'double' to 'GLfloat'
c:\users\jcompany\documents\github\cube-maps\src\main.cpp(675): warning C4305: 'argument': truncation from 'double' to 'GLfloat'
c:\users\jcompany\documents\github\cube-maps\src\main.cpp(794): warning C4244: '=': conversion from 'double' to 'float', possible loss of data
  Proyecto.vcxproj -> C:\Users\jcompany\Documents\GitHub\Cube-Maps\Debug\Practica1.exe
  Proyecto.vcxproj -> C:\Users\jcompany\Documents\GitHub\Cube-Maps\Debug\Practica1.pdb (Full PDB)
